Using pre-set license
Built from '2020.3/staging' branch; Version is '2020.3.16f1 (049d6eca3c44) revision 302446'; Using compiler version '192528614'; Build Type 'Release'
OS: 'Windows 10 Home; OS build 19042.1237; Version 2009; 64bit' Language: 'en' Physical Memory: 16377 MB
BatchMode: 1, IsHumanControllingUs: 0, StartBugReporterOnCrash: 0, Is64bit: 1, IsPro: 0

 COMMAND LINE ARGUMENTS:
C:\Program Files\Unity\Hub\Editor\2020.1.0f1\Editor\Unity.exe
-adb2
-batchMode
-noUpm
-name
AssetImportWorker0
-projectPath
C:/Users/uberh/Desktop/toGit/Tutorial 1.5 Sound And Animation
-logFile
Logs/AssetImportWorker0.log
-srvPort
64991
Successfully changed project path to: C:/Users/uberh/Desktop/toGit/Tutorial 1.5 Sound And Animation
C:/Users/uberh/Desktop/toGit/Tutorial 1.5 Sound And Animation
Using Asset Import Pipeline V2.
Refreshing native plugins compatible for Editor in 90.85 ms, found 3 plugins.
Preloading 0 native plugins for Editor in 0.00 ms.
Initialize engine version: 2020.3.16f1 (049d6eca3c44)
[Subsystems] Discovering subsystems at path C:/Program Files/Unity/Hub/Editor/2020.1.0f1/Editor/Data/Resources/UnitySubsystems
[Subsystems] Discovering subsystems at path C:/Users/uberh/Desktop/toGit/Tutorial 1.5 Sound And Animation/Assets
GfxDevice: creating device client; threaded=0
Direct3D:
    Version:  Direct3D 11.0 [level 11.1]
    Renderer: AMD Radeon R7 200 Series (ID=0x6613)
    Vendor:   
    VRAM:     2028 MB
    Driver:   27.20.1034.6
Initialize mono
Mono path[0] = 'C:/Program Files/Unity/Hub/Editor/2020.1.0f1/Editor/Data/Managed'
Mono path[1] = 'C:/Program Files/Unity/Hub/Editor/2020.1.0f1/Editor/Data/MonoBleedingEdge/lib/mono/unityjit'
Mono config path = 'C:/Program Files/Unity/Hub/Editor/2020.1.0f1/Editor/Data/MonoBleedingEdge/etc'
Using monoOptions --debugger-agent=transport=dt_socket,embedding=1,server=y,suspend=n,address=127.0.0.1:56328
Begin MonoManager ReloadAssembly
Registering precompiled unity dll's ...
Register platform support module: C:/Program Files/Unity/Hub/Editor/2020.1.0f1/Editor/Data/PlaybackEngines/WindowsStandaloneSupport/UnityEditor.WindowsStandalone.Extensions.dll
Registered in 0.003679 seconds.
Native extension for WindowsStandalone target not found
Refreshing native plugins compatible for Editor in 89.82 ms, found 3 plugins.
Preloading 0 native plugins for Editor in 0.00 ms.
Mono: successfully reloaded assembly
- Completed reload, in  1.807 seconds
Domain Reload Profiling:
	ReloadAssembly (1807ms)
		BeginReloadAssembly (90ms)
			ExecutionOrderSort (0ms)
			DisableScriptedObjects (0ms)
			BackupInstance (0ms)
			ReleaseScriptingObjects (0ms)
			CreateAndSetChildDomain (1ms)
		EndReloadAssembly (751ms)
			LoadAssemblies (86ms)
			RebuildTransferFunctionScriptingTraits (0ms)
			SetupTypeCache (287ms)
			ReleaseScriptCaches (0ms)
			RebuildScriptCaches (54ms)
			SetupLoadedEditorAssemblies (296ms)
				LogAssemblyErrors (0ms)
				InitializePlatformSupportModulesInManaged (6ms)
				SetLoadedEditorAssemblies (1ms)
				RefreshPlugins (90ms)
				BeforeProcessingInitializeOnLoad (25ms)
				ProcessInitializeOnLoadAttributes (128ms)
				ProcessInitializeOnLoadMethodAttributes (46ms)
				AfterProcessingInitializeOnLoad (0ms)
				EditorAssembliesLoaded (0ms)
			ExecutionOrderSort2 (0ms)
			AwakeInstancesAfterBackupRestoration (0ms)
Platform modules already initialized, skipping
Registering precompiled user dll's ...
Registered in 0.008509 seconds.
Begin MonoManager ReloadAssembly
Native extension for WindowsStandalone target not found
Refreshing native plugins compatible for Editor in 87.32 ms, found 3 plugins.
Preloading 0 native plugins for Editor in 0.00 ms.
Mono: successfully reloaded assembly
- Completed reload, in  2.255 seconds
Domain Reload Profiling:
	ReloadAssembly (2256ms)
		BeginReloadAssembly (251ms)
			ExecutionOrderSort (0ms)
			DisableScriptedObjects (7ms)
			BackupInstance (0ms)
			ReleaseScriptingObjects (0ms)
			CreateAndSetChildDomain (31ms)
		EndReloadAssembly (1883ms)
			LoadAssemblies (164ms)
			RebuildTransferFunctionScriptingTraits (0ms)
			SetupTypeCache (596ms)
			ReleaseScriptCaches (1ms)
			RebuildScriptCaches (90ms)
			SetupLoadedEditorAssemblies (796ms)
				LogAssemblyErrors (0ms)
				InitializePlatformSupportModulesInManaged (6ms)
				SetLoadedEditorAssemblies (0ms)
				RefreshPlugins (87ms)
				BeforeProcessingInitializeOnLoad (146ms)
				ProcessInitializeOnLoadAttributes (522ms)
				ProcessInitializeOnLoadMethodAttributes (21ms)
				AfterProcessingInitializeOnLoad (13ms)
				EditorAssembliesLoaded (0ms)
			ExecutionOrderSort2 (0ms)
			AwakeInstancesAfterBackupRestoration (11ms)
Platform modules already initialized, skipping
========================================================================
Worker process is ready to serve import requests
Launched and connected shader compiler UnityShaderCompiler.exe after 0.10 seconds
Refreshing native plugins compatible for Editor in 1.06 ms, found 3 plugins.
Preloading 0 native plugins for Editor in 0.00 ms.
Unloading 2389 Unused Serialized files (Serialized files now loaded: 0)
System memory in use before: 103.6 MB.
System memory in use after: 103.8 MB.

Unloading 30 unused Assets to reduce memory usage. Loaded Objects now: 2828.
Total: 5.248600 ms (FindLiveObjects: 0.517300 ms CreateObjectMapping: 0.135000 ms MarkObjects: 4.483200 ms  DeleteObjects: 0.110900 ms)

AssetImportParameters requested are different than current active one (requested -> active):
  custom:framework-win-MediaFoundation: 216162199b28c13a410421893ffa2e32 -> 
  custom:video-decoder-ogg-theora: a1e56fd34408186e4bbccfd4996cb3dc -> 
  custom:container-muxer-webm: aa71ff27fc2769a1b78a27578f13a17b -> 
  custom:container-demuxer-webm: 4f35f7cbe854078d1ac9338744f61a02 -> 
  custom:container-demuxer-ogg: 62fdf1f143b41e24485cea50d1cbac27 -> 
  custom:video-encoder-webm-vp8: eb34c28f22e8b96e1ab97ce403110664 -> 
  custom:video-decoder-webm-vp8: 9c59270c3fd7afecdb556c50c9e8de78 -> 
  custom:audio-decoder-ogg-vorbis: bf7c407c2cedff20999df2af8eb42d56 -> 
  custom:audio-encoder-webm-vorbis: bf7c407c2cedff20999df2af8eb42d56 -> 
========================================================================
Received Import Request.
  path: Assets/PlayerControls.inputactions
  artifactKey: Guid(7641ee9c09c52374a950c03ddb063d70) Importer(815301076,1909f56bfc062723c751e8b465ee728b)
Start importing Assets/PlayerControls.inputactions using Guid(7641ee9c09c52374a950c03ddb063d70) Importer(815301076,1909f56bfc062723c751e8b465ee728b)  -> (artifact id: 'f837c8e6996db30dd00c99bece363439') in 0.091221 seconds 
  Import took 0.097042 seconds .

========================================================================
Received Import Request.
  Time since last request: 128.558953 seconds.
  path: Assets/Animations
  artifactKey: Guid(598e707112325cb48871634c00ecb64d) Importer(815301076,1909f56bfc062723c751e8b465ee728b)
Start importing Assets/Animations using Guid(598e707112325cb48871634c00ecb64d) Importer(815301076,1909f56bfc062723c751e8b465ee728b)  -> (artifact id: '9658078431e305b1d7bc85eb75f8b9e2') in 0.016079 seconds 
  Import took 0.022591 seconds .

========================================================================
Received Import Request.
  Time since last request: 0.008171 seconds.
  path: Assets/Animations
  artifactKey: Guid(598e707112325cb48871634c00ecb64d) Importer(815301076,1909f56bfc062723c751e8b465ee728b)
Start importing Assets/Animations using Guid(598e707112325cb48871634c00ecb64d) Importer(815301076,1909f56bfc062723c751e8b465ee728b)  -> (artifact id: '9658078431e305b1d7bc85eb75f8b9e2') in 0.007269 seconds 
  Import took 0.014728 seconds .

========================================================================
Received Import Request.
  Time since last request: 13.434881 seconds.
  path: Assets/Animations/Raw PNG
  artifactKey: Guid(354e76bbf6123a44b8890fb91f0142d0) Importer(815301076,1909f56bfc062723c751e8b465ee728b)
Start importing Assets/Animations/Raw PNG using Guid(354e76bbf6123a44b8890fb91f0142d0) Importer(815301076,1909f56bfc062723c751e8b465ee728b)  -> (artifact id: 'a3b2b5a48548c816cfd4354663c21d50') in 0.018565 seconds 
  Import took 0.026282 seconds .

========================================================================
Received Import Request.
  Time since last request: 30.507473 seconds.
  path: Assets/Animations/Raw PNG/Idle (8).png
  artifactKey: Guid(044cc13123f18a94da338636fe38f19e) Importer(815301076,1909f56bfc062723c751e8b465ee728b)
Start importing Assets/Animations/Raw PNG/Idle (8).png using Guid(044cc13123f18a94da338636fe38f19e) Importer(815301076,1909f56bfc062723c751e8b465ee728b)  -> (artifact id: '9e2978906d2e693b4e162ca1440f7d9c') in 0.201001 seconds 
  Import took 0.207426 seconds .

========================================================================
Received Import Request.
  Time since last request: 0.000279 seconds.
  path: Assets/Animations/Raw PNG/Idle (9).png
  artifactKey: Guid(fd52a4cd5183c1f47b53a0743be54592) Importer(815301076,1909f56bfc062723c751e8b465ee728b)
Start importing Assets/Animations/Raw PNG/Idle (9).png using Guid(fd52a4cd5183c1f47b53a0743be54592) Importer(815301076,1909f56bfc062723c751e8b465ee728b)  -> (artifact id: 'a35f47667af1b9d935edfd6d734fe14d') in 0.025477 seconds 
  Import took 0.030861 seconds .

========================================================================
Received Import Request.
  Time since last request: 0.000313 seconds.
  path: Assets/Animations/Raw PNG/Idle (10).png
  artifactKey: Guid(4315562667a46bb4781f03c2a1c79ed8) Importer(815301076,1909f56bfc062723c751e8b465ee728b)
Start importing Assets/Animations/Raw PNG/Idle (10).png using Guid(4315562667a46bb4781f03c2a1c79ed8) Importer(815301076,1909f56bfc062723c751e8b465ee728b)  -> (artifact id: 'a13290f0a9f4c1463662819672b0d57c') in 0.027877 seconds 
  Import took 0.033173 seconds .

========================================================================
Received Import Request.
  Time since last request: 9.995734 seconds.
  path: Assets/Animations/Raw PNG/Run (1).png
  artifactKey: Guid(a509b1f8cad5510478784c0a157d088b) Importer(815301076,1909f56bfc062723c751e8b465ee728b)
Start importing Assets/Animations/Raw PNG/Run (1).png using Guid(a509b1f8cad5510478784c0a157d088b) Importer(815301076,1909f56bfc062723c751e8b465ee728b)  -> (artifact id: '24a5bfcdc3999ecffe1e11f1c99cf330') in 0.031101 seconds 
  Import took 0.041552 seconds .

========================================================================
Received Import Request.
  Time since last request: 0.000355 seconds.
  path: Assets/Animations/Raw PNG/Run (4).png
  artifactKey: Guid(09213fb85625f8b4389ee418d44a4492) Importer(815301076,1909f56bfc062723c751e8b465ee728b)
Start importing Assets/Animations/Raw PNG/Run (4).png using Guid(09213fb85625f8b4389ee418d44a4492) Importer(815301076,1909f56bfc062723c751e8b465ee728b)  -> (artifact id: '56fbd96abf0d6c165d0ff8a071e28471') in 0.028968 seconds 
  Import took 0.037602 seconds .

========================================================================
Received Import Request.
  Time since last request: 0.000271 seconds.
  path: Assets/Animations/Raw PNG/Run (2).png
  artifactKey: Guid(de5a4c58520224b4492ee3a7d58030e0) Importer(815301076,1909f56bfc062723c751e8b465ee728b)
Start importing Assets/Animations/Raw PNG/Run (2).png using Guid(de5a4c58520224b4492ee3a7d58030e0) Importer(815301076,1909f56bfc062723c751e8b465ee728b)  -> (artifact id: '0e7d2c922cf2d0fa40baebadc1a159a6') in 0.202085 seconds 
  Import took 0.209724 seconds .

========================================================================
Received Import Request.
  Time since last request: 0.000428 seconds.
  path: Assets/Animations/Raw PNG/Run (8).png
  artifactKey: Guid(00171b76aaa94d54c964181d54fe0d9b) Importer(815301076,1909f56bfc062723c751e8b465ee728b)
Start importing Assets/Animations/Raw PNG/Run (8).png using Guid(00171b76aaa94d54c964181d54fe0d9b) Importer(815301076,1909f56bfc062723c751e8b465ee728b)  -> (artifact id: '480c8e85494a0a0ee77d6dfa9faa7fa2') in 0.026336 seconds 
  Import took 0.033767 seconds .

========================================================================
Received Import Request.
  Time since last request: 0.000334 seconds.
  path: Assets/Animations/Raw PNG/Run (3).png
  artifactKey: Guid(e6e49c49647e0f74198a6e19b288bfab) Importer(815301076,1909f56bfc062723c751e8b465ee728b)
Start importing Assets/Animations/Raw PNG/Run (3).png using Guid(e6e49c49647e0f74198a6e19b288bfab) Importer(815301076,1909f56bfc062723c751e8b465ee728b)  -> (artifact id: 'd028c18a1661cdda1345c27c4deb0ed2') in 0.025054 seconds 
  Import took 0.033535 seconds .

========================================================================
Received Import Request.
  Time since last request: 0.000450 seconds.
  path: Assets/Animations/Raw PNG/Run (5).png
  artifactKey: Guid(857fc337a0e27734ea64bbbba1824394) Importer(815301076,1909f56bfc062723c751e8b465ee728b)
Start importing Assets/Animations/Raw PNG/Run (5).png using Guid(857fc337a0e27734ea64bbbba1824394) Importer(815301076,1909f56bfc062723c751e8b465ee728b)  -> (artifact id: 'c2ff55d94681e6ddcba7280f394a29a6') in 0.037795 seconds 
  Import took 0.043498 seconds .

========================================================================
Received Import Request.
  Time since last request: 0.000239 seconds.
  path: Assets/Animations/Raw PNG/Run (6).png
  artifactKey: Guid(e171022c5b8ec4646a80cab743697b41) Importer(815301076,1909f56bfc062723c751e8b465ee728b)
Start importing Assets/Animations/Raw PNG/Run (6).png using Guid(e171022c5b8ec4646a80cab743697b41) Importer(815301076,1909f56bfc062723c751e8b465ee728b)  -> (artifact id: 'ac925727689a98e698420bdacddcacf6') in 0.041167 seconds 
  Import took 0.051772 seconds .

========================================================================
Received Import Request.
  Time since last request: 0.001585 seconds.
  path: Assets/Animations/Raw PNG/Run (7).png
  artifactKey: Guid(4a2de3c567959734ab866f4b3e473def) Importer(815301076,1909f56bfc062723c751e8b465ee728b)
Start importing Assets/Animations/Raw PNG/Run (7).png using Guid(4a2de3c567959734ab866f4b3e473def) Importer(815301076,1909f56bfc062723c751e8b465ee728b)  -> (artifact id: 'd8fb92e5d4d6bab88655906a3e831b79') in 0.036537 seconds 
  Import took 0.042742 seconds .

========================================================================
Received Import Request.
  Time since last request: 38.596437 seconds.
  path: Assets/Animations/Idle.anim
  artifactKey: Guid(bc4340b5f924f5244a47533daa0d0dd0) Importer(815301076,1909f56bfc062723c751e8b465ee728b)
Start importing Assets/Animations/Idle.anim using Guid(bc4340b5f924f5244a47533daa0d0dd0) Importer(815301076,1909f56bfc062723c751e8b465ee728b)  -> (artifact id: '3f631539479743556371423fa63633e4') in 0.015182 seconds 
  Import took 0.021810 seconds .

========================================================================
Received Prepare
Registering precompiled user dll's ...
Registered in 0.007794 seconds.
Begin MonoManager ReloadAssembly
Native extension for WindowsStandalone target not found
Refreshing native plugins compatible for Editor in 0.98 ms, found 3 plugins.
Preloading 0 native plugins for Editor in 0.00 ms.
Mono: successfully reloaded assembly
- Completed reload, in  3.257 seconds
Domain Reload Profiling:
	ReloadAssembly (3258ms)
		BeginReloadAssembly (413ms)
			ExecutionOrderSort (0ms)
			DisableScriptedObjects (10ms)
			BackupInstance (0ms)
			ReleaseScriptingObjects (0ms)
			CreateAndSetChildDomain (73ms)
		EndReloadAssembly (2325ms)
			LoadAssemblies (248ms)
			RebuildTransferFunctionScriptingTraits (0ms)
			SetupTypeCache (703ms)
			ReleaseScriptCaches (2ms)
			RebuildScriptCaches (91ms)
			SetupLoadedEditorAssemblies (1020ms)
				LogAssemblyErrors (0ms)
				InitializePlatformSupportModulesInManaged (8ms)
				SetLoadedEditorAssemblies (1ms)
				RefreshPlugins (1ms)
				BeforeProcessingInitializeOnLoad (228ms)
				ProcessInitializeOnLoadAttributes (754ms)
				ProcessInitializeOnLoadMethodAttributes (12ms)
				AfterProcessingInitializeOnLoad (15ms)
				EditorAssembliesLoaded (0ms)
			ExecutionOrderSort2 (0ms)
			AwakeInstancesAfterBackupRestoration (19ms)
Platform modules already initialized, skipping
Refreshing native plugins compatible for Editor in 0.88 ms, found 3 plugins.
Preloading 0 native plugins for Editor in 0.00 ms.
Unloading 2379 Unused Serialized files (Serialized files now loaded: 0)
System memory in use before: 106.3 MB.
System memory in use after: 106.5 MB.

Unloading 16 unused Assets to reduce memory usage. Loaded Objects now: 2837.
Total: 6.713300 ms (FindLiveObjects: 0.527200 ms CreateObjectMapping: 0.141000 ms MarkObjects: 6.005400 ms  DeleteObjects: 0.037400 ms)

AssetImportParameters requested are different than current active one (requested -> active):
  custom:framework-win-MediaFoundation: 216162199b28c13a410421893ffa2e32 -> 
  custom:video-decoder-ogg-theora: a1e56fd34408186e4bbccfd4996cb3dc -> 
  custom:container-muxer-webm: aa71ff27fc2769a1b78a27578f13a17b -> 
  custom:container-demuxer-webm: 4f35f7cbe854078d1ac9338744f61a02 -> 
  custom:container-demuxer-ogg: 62fdf1f143b41e24485cea50d1cbac27 -> 
  custom:video-encoder-webm-vp8: eb34c28f22e8b96e1ab97ce403110664 -> 
  custom:video-decoder-webm-vp8: 9c59270c3fd7afecdb556c50c9e8de78 -> 
  custom:audio-decoder-ogg-vorbis: bf7c407c2cedff20999df2af8eb42d56 -> 
  custom:audio-encoder-webm-vorbis: bf7c407c2cedff20999df2af8eb42d56 -> 
========================================================================
Received Prepare
Registering precompiled user dll's ...
Registered in 0.008147 seconds.
Begin MonoManager ReloadAssembly
Native extension for WindowsStandalone target not found
Refreshing native plugins compatible for Editor in 15.29 ms, found 3 plugins.
Preloading 0 native plugins for Editor in 0.00 ms.
Mono: successfully reloaded assembly
- Completed reload, in  3.267 seconds
Domain Reload Profiling:
	ReloadAssembly (3267ms)
		BeginReloadAssembly (240ms)
			ExecutionOrderSort (0ms)
			DisableScriptedObjects (14ms)
			BackupInstance (0ms)
			ReleaseScriptingObjects (0ms)
			CreateAndSetChildDomain (73ms)
		EndReloadAssembly (2679ms)
			LoadAssemblies (464ms)
			RebuildTransferFunctionScriptingTraits (0ms)
			SetupTypeCache (836ms)
			ReleaseScriptCaches (2ms)
			RebuildScriptCaches (93ms)
			SetupLoadedEditorAssemblies (1007ms)
				LogAssemblyErrors (0ms)
				InitializePlatformSupportModulesInManaged (8ms)
				SetLoadedEditorAssemblies (1ms)
				RefreshPlugins (15ms)
				BeforeProcessingInitializeOnLoad (245ms)
				ProcessInitializeOnLoadAttributes (707ms)
				ProcessInitializeOnLoadMethodAttributes (15ms)
				AfterProcessingInitializeOnLoad (15ms)
				EditorAssembliesLoaded (0ms)
			ExecutionOrderSort2 (0ms)
			AwakeInstancesAfterBackupRestoration (18ms)
Platform modules already initialized, skipping
Refreshing native plugins compatible for Editor in 0.88 ms, found 3 plugins.
Preloading 0 native plugins for Editor in 0.00 ms.
Unloading 2379 Unused Serialized files (Serialized files now loaded: 0)
System memory in use before: 106.3 MB.
System memory in use after: 106.5 MB.

Unloading 16 unused Assets to reduce memory usage. Loaded Objects now: 2840.
Total: 6.253400 ms (FindLiveObjects: 0.512200 ms CreateObjectMapping: 0.147800 ms MarkObjects: 5.557100 ms  DeleteObjects: 0.034200 ms)

AssetImportParameters requested are different than current active one (requested -> active):
  custom:framework-win-MediaFoundation: 216162199b28c13a410421893ffa2e32 -> 
  custom:video-decoder-ogg-theora: a1e56fd34408186e4bbccfd4996cb3dc -> 
  custom:container-muxer-webm: aa71ff27fc2769a1b78a27578f13a17b -> 
  custom:container-demuxer-webm: 4f35f7cbe854078d1ac9338744f61a02 -> 
  custom:container-demuxer-ogg: 62fdf1f143b41e24485cea50d1cbac27 -> 
  custom:video-encoder-webm-vp8: eb34c28f22e8b96e1ab97ce403110664 -> 
  custom:video-decoder-webm-vp8: 9c59270c3fd7afecdb556c50c9e8de78 -> 
  custom:audio-decoder-ogg-vorbis: bf7c407c2cedff20999df2af8eb42d56 -> 
  custom:audio-encoder-webm-vorbis: bf7c407c2cedff20999df2af8eb42d56 -> 
========================================================================
Received Prepare
Registering precompiled user dll's ...
Registered in 0.010256 seconds.
Begin MonoManager ReloadAssembly
Native extension for WindowsStandalone target not found
Refreshing native plugins compatible for Editor in 1.03 ms, found 3 plugins.
Preloading 0 native plugins for Editor in 0.00 ms.
Mono: successfully reloaded assembly
- Completed reload, in  2.598 seconds
Domain Reload Profiling:
	ReloadAssembly (2599ms)
		BeginReloadAssembly (567ms)
			ExecutionOrderSort (0ms)
			DisableScriptedObjects (17ms)
			BackupInstance (0ms)
			ReleaseScriptingObjects (0ms)
			CreateAndSetChildDomain (377ms)
		EndReloadAssembly (1851ms)
			LoadAssemblies (190ms)
			RebuildTransferFunctionScriptingTraits (0ms)
			SetupTypeCache (635ms)
			ReleaseScriptCaches (2ms)
			RebuildScriptCaches (83ms)
			SetupLoadedEditorAssemblies (756ms)
				LogAssemblyErrors (0ms)
				InitializePlatformSupportModulesInManaged (8ms)
				SetLoadedEditorAssemblies (1ms)
				RefreshPlugins (1ms)
				BeforeProcessingInitializeOnLoad (153ms)
				ProcessInitializeOnLoadAttributes (570ms)
				ProcessInitializeOnLoadMethodAttributes (10ms)
				AfterProcessingInitializeOnLoad (13ms)
				EditorAssembliesLoaded (0ms)
			ExecutionOrderSort2 (0ms)
			AwakeInstancesAfterBackupRestoration (17ms)
Platform modules already initialized, skipping
Refreshing native plugins compatible for Editor in 0.92 ms, found 3 plugins.
Preloading 0 native plugins for Editor in 0.00 ms.
Unloading 2379 Unused Serialized files (Serialized files now loaded: 0)
System memory in use before: 106.3 MB.
System memory in use after: 106.6 MB.

Unloading 16 unused Assets to reduce memory usage. Loaded Objects now: 2843.
Total: 5.505200 ms (FindLiveObjects: 0.600900 ms CreateObjectMapping: 0.219000 ms MarkObjects: 4.645300 ms  DeleteObjects: 0.038200 ms)

AssetImportParameters requested are different than current active one (requested -> active):
  custom:framework-win-MediaFoundation: 216162199b28c13a410421893ffa2e32 -> 
  custom:video-decoder-ogg-theora: a1e56fd34408186e4bbccfd4996cb3dc -> 
  custom:container-muxer-webm: aa71ff27fc2769a1b78a27578f13a17b -> 
  custom:container-demuxer-webm: 4f35f7cbe854078d1ac9338744f61a02 -> 
  custom:container-demuxer-ogg: 62fdf1f143b41e24485cea50d1cbac27 -> 
  custom:video-encoder-webm-vp8: eb34c28f22e8b96e1ab97ce403110664 -> 
  custom:video-decoder-webm-vp8: 9c59270c3fd7afecdb556c50c9e8de78 -> 
  custom:audio-decoder-ogg-vorbis: bf7c407c2cedff20999df2af8eb42d56 -> 
  custom:audio-encoder-webm-vorbis: bf7c407c2cedff20999df2af8eb42d56 -> 
========================================================================
Received Import Request.
  Time since last request: 102.843131 seconds.
  path: Assets/Animations/Idle (8).controller
  artifactKey: Guid(e9377fec95f838b408afacc2a2797d7d) Importer(815301076,1909f56bfc062723c751e8b465ee728b)
Start importing Assets/Animations/Idle (8).controller using Guid(e9377fec95f838b408afacc2a2797d7d) Importer(815301076,1909f56bfc062723c751e8b465ee728b)  -> (artifact id: '2c19bcb8465472d2cbd2d0e4a4084f67') in 0.029856 seconds 
  Import took 0.035779 seconds .

========================================================================
Received Import Request.
  Time since last request: 12.779899 seconds.
  path: Assets/Animations/Raw PNG/Idle (1).png
  artifactKey: Guid(57725e3a135e6814c953c431d56a3352) Importer(815301076,1909f56bfc062723c751e8b465ee728b)
Start importing Assets/Animations/Raw PNG/Idle (1).png using Guid(57725e3a135e6814c953c431d56a3352) Importer(815301076,1909f56bfc062723c751e8b465ee728b)  -> (artifact id: '590122cda64f038802a6c9a88f4ea715') in 0.086357 seconds 
  Import took 0.099092 seconds .

========================================================================
Received Import Request.
  Time since last request: 0.000395 seconds.
  path: Assets/Animations/Raw PNG/Idle (4).png
  artifactKey: Guid(763ef651f37f60d4dbcc95d414eece95) Importer(815301076,1909f56bfc062723c751e8b465ee728b)
Start importing Assets/Animations/Raw PNG/Idle (4).png using Guid(763ef651f37f60d4dbcc95d414eece95) Importer(815301076,1909f56bfc062723c751e8b465ee728b)  -> (artifact id: '186c450a70d6295d11b69bf1987e422e') in 0.027193 seconds 
  Import took 0.032445 seconds .

========================================================================
Received Import Request.
  Time since last request: 0.000305 seconds.
  path: Assets/Animations/Raw PNG/Idle (3).png
  artifactKey: Guid(41e6652c5180a284b9da181e67b18022) Importer(815301076,1909f56bfc062723c751e8b465ee728b)
Start importing Assets/Animations/Raw PNG/Idle (3).png using Guid(41e6652c5180a284b9da181e67b18022) Importer(815301076,1909f56bfc062723c751e8b465ee728b)  -> (artifact id: '3aa00e21af05ad6d34f5b3575745ce40') in 0.180344 seconds 
  Import took 0.189005 seconds .

========================================================================
Received Import Request.
  Time since last request: 0.000064 seconds.
  path: Assets/Animations/Raw PNG/Idle (5).png
  artifactKey: Guid(fc5887221284b3d4cbbd9a8645d66a65) Importer(815301076,1909f56bfc062723c751e8b465ee728b)
Start importing Assets/Animations/Raw PNG/Idle (5).png using Guid(fc5887221284b3d4cbbd9a8645d66a65) Importer(815301076,1909f56bfc062723c751e8b465ee728b)  -> (artifact id: 'b775899d1362d6f538a7c2bfe069c3ee') in 0.418669 seconds 
  Import took 0.428445 seconds .

========================================================================
Received Import Request.
  Time since last request: 0.000319 seconds.
  path: Assets/Animations/Raw PNG/Idle (2).png
  artifactKey: Guid(808f478d14f69934e94334b31cfec1bb) Importer(815301076,1909f56bfc062723c751e8b465ee728b)
Start importing Assets/Animations/Raw PNG/Idle (2).png using Guid(808f478d14f69934e94334b31cfec1bb) Importer(815301076,1909f56bfc062723c751e8b465ee728b)  -> (artifact id: 'a32c544a760006273a516aad4c414342') in 0.328196 seconds 
  Import took 0.336715 seconds .

========================================================================
Received Import Request.
  Time since last request: 0.000394 seconds.
  path: Assets/Animations/Raw PNG/Idle (6).png
  artifactKey: Guid(6247fb9a0e3905848b9edd82ffe38031) Importer(815301076,1909f56bfc062723c751e8b465ee728b)
Start importing Assets/Animations/Raw PNG/Idle (6).png using Guid(6247fb9a0e3905848b9edd82ffe38031) Importer(815301076,1909f56bfc062723c751e8b465ee728b)  -> (artifact id: 'bc8d84b39399bb4ceaacbc700e3feb93') in 0.057191 seconds 
  Import took 0.066978 seconds .

========================================================================
Received Import Request.
  Time since last request: 0.001244 seconds.
  path: Assets/Animations/Raw PNG/Idle (7).png
  artifactKey: Guid(264dd7377a97a6b45b2e79d4368f8bda) Importer(815301076,1909f56bfc062723c751e8b465ee728b)
Start importing Assets/Animations/Raw PNG/Idle (7).png using Guid(264dd7377a97a6b45b2e79d4368f8bda) Importer(815301076,1909f56bfc062723c751e8b465ee728b)  -> (artifact id: '31c2b41769ffed6bd9b895bc99d72765') in 0.039624 seconds 
  Import took 0.046170 seconds .

========================================================================
Received Import Request.
  Time since last request: 24.345596 seconds.
  path: Assets/Animations/Raw PNG/Idle (1).controller
  artifactKey: Guid(21c670890d0bf9146ac23b8e1af1ab6c) Importer(815301076,1909f56bfc062723c751e8b465ee728b)
Start importing Assets/Animations/Raw PNG/Idle (1).controller using Guid(21c670890d0bf9146ac23b8e1af1ab6c) Importer(815301076,1909f56bfc062723c751e8b465ee728b)  -> (artifact id: 'a08fc76d1da5b2fcd6825ac96faaa590') in 0.005334 seconds 
  Import took 0.011988 seconds .

========================================================================
Received Import Request.
  Time since last request: 0.013478 seconds.
  path: Assets/Animations/Raw PNG/Idle (1).controller
  artifactKey: Guid(21c670890d0bf9146ac23b8e1af1ab6c) Importer(815301076,1909f56bfc062723c751e8b465ee728b)
Start importing Assets/Animations/Raw PNG/Idle (1).controller using Guid(21c670890d0bf9146ac23b8e1af1ab6c) Importer(815301076,1909f56bfc062723c751e8b465ee728b)  -> (artifact id: 'a08fc76d1da5b2fcd6825ac96faaa590') in 0.005854 seconds 
  Import took 0.012251 seconds .

========================================================================
Received Prepare
Registering precompiled user dll's ...
Registered in 0.008715 seconds.
Begin MonoManager ReloadAssembly
Native extension for WindowsStandalone target not found
Refreshing native plugins compatible for Editor in 0.87 ms, found 3 plugins.
Preloading 0 native plugins for Editor in 0.00 ms.
Mono: successfully reloaded assembly
- Completed reload, in  2.427 seconds
Domain Reload Profiling:
	ReloadAssembly (2428ms)
		BeginReloadAssembly (282ms)
			ExecutionOrderSort (0ms)
			DisableScriptedObjects (11ms)
			BackupInstance (0ms)
			ReleaseScriptingObjects (0ms)
			CreateAndSetChildDomain (61ms)
		EndReloadAssembly (1950ms)
			LoadAssemblies (254ms)
			RebuildTransferFunctionScriptingTraits (0ms)
			SetupTypeCache (853ms)
			ReleaseScriptCaches (2ms)
			RebuildScriptCaches (86ms)
			SetupLoadedEditorAssemblies (650ms)
				LogAssemblyErrors (0ms)
				InitializePlatformSupportModulesInManaged (6ms)
				SetLoadedEditorAssemblies (1ms)
				RefreshPlugins (1ms)
				BeforeProcessingInitializeOnLoad (137ms)
				ProcessInitializeOnLoadAttributes (482ms)
				ProcessInitializeOnLoadMethodAttributes (10ms)
				AfterProcessingInitializeOnLoad (13ms)
				EditorAssembliesLoaded (0ms)
			ExecutionOrderSort2 (0ms)
			AwakeInstancesAfterBackupRestoration (16ms)
Platform modules already initialized, skipping
Refreshing native plugins compatible for Editor in 0.88 ms, found 3 plugins.
Preloading 0 native plugins for Editor in 0.00 ms.
Unloading 2379 Unused Serialized files (Serialized files now loaded: 0)
System memory in use before: 106.4 MB.
System memory in use after: 106.6 MB.

Unloading 16 unused Assets to reduce memory usage. Loaded Objects now: 2847.
Total: 5.319800 ms (FindLiveObjects: 0.506800 ms CreateObjectMapping: 0.133900 ms MarkObjects: 4.646900 ms  DeleteObjects: 0.030300 ms)

AssetImportParameters requested are different than current active one (requested -> active):
  custom:framework-win-MediaFoundation: 216162199b28c13a410421893ffa2e32 -> 
  custom:video-decoder-ogg-theora: a1e56fd34408186e4bbccfd4996cb3dc -> 
  custom:container-muxer-webm: aa71ff27fc2769a1b78a27578f13a17b -> 
  custom:container-demuxer-webm: 4f35f7cbe854078d1ac9338744f61a02 -> 
  custom:container-demuxer-ogg: 62fdf1f143b41e24485cea50d1cbac27 -> 
  custom:video-encoder-webm-vp8: eb34c28f22e8b96e1ab97ce403110664 -> 
  custom:video-decoder-webm-vp8: 9c59270c3fd7afecdb556c50c9e8de78 -> 
  custom:audio-decoder-ogg-vorbis: bf7c407c2cedff20999df2af8eb42d56 -> 
  custom:audio-encoder-webm-vorbis: bf7c407c2cedff20999df2af8eb42d56 -> 
========================================================================
Received Prepare
Registering precompiled user dll's ...
Registered in 0.009126 seconds.
Begin MonoManager ReloadAssembly
Native extension for WindowsStandalone target not found
Refreshing native plugins compatible for Editor in 0.86 ms, found 3 plugins.
Preloading 0 native plugins for Editor in 0.00 ms.
Mono: successfully reloaded assembly
- Completed reload, in  2.747 seconds
Domain Reload Profiling:
	ReloadAssembly (2748ms)
		BeginReloadAssembly (366ms)
			ExecutionOrderSort (0ms)
			DisableScriptedObjects (13ms)
			BackupInstance (0ms)
			ReleaseScriptingObjects (0ms)
			CreateAndSetChildDomain (68ms)
		EndReloadAssembly (2221ms)
			LoadAssemblies (609ms)
			RebuildTransferFunctionScriptingTraits (0ms)
			SetupTypeCache (737ms)
			ReleaseScriptCaches (2ms)
			RebuildScriptCaches (87ms)
			SetupLoadedEditorAssemblies (712ms)
				LogAssemblyErrors (0ms)
				InitializePlatformSupportModulesInManaged (7ms)
				SetLoadedEditorAssemblies (1ms)
				RefreshPlugins (1ms)
				BeforeProcessingInitializeOnLoad (152ms)
				ProcessInitializeOnLoadAttributes (527ms)
				ProcessInitializeOnLoadMethodAttributes (10ms)
				AfterProcessingInitializeOnLoad (13ms)
				EditorAssembliesLoaded (0ms)
			ExecutionOrderSort2 (0ms)
			AwakeInstancesAfterBackupRestoration (17ms)
Platform modules already initialized, skipping
Refreshing native plugins compatible for Editor in 0.88 ms, found 3 plugins.
Preloading 0 native plugins for Editor in 0.00 ms.
Unloading 2379 Unused Serialized files (Serialized files now loaded: 0)
System memory in use before: 106.3 MB.
System memory in use after: 106.5 MB.

Unloading 16 unused Assets to reduce memory usage. Loaded Objects now: 2850.
Total: 5.090300 ms (FindLiveObjects: 0.503700 ms CreateObjectMapping: 0.142100 ms MarkObjects: 4.407700 ms  DeleteObjects: 0.034400 ms)

AssetImportParameters requested are different than current active one (requested -> active):
  custom:framework-win-MediaFoundation: 216162199b28c13a410421893ffa2e32 -> 
  custom:video-decoder-ogg-theora: a1e56fd34408186e4bbccfd4996cb3dc -> 
  custom:container-muxer-webm: aa71ff27fc2769a1b78a27578f13a17b -> 
  custom:container-demuxer-webm: 4f35f7cbe854078d1ac9338744f61a02 -> 
  custom:container-demuxer-ogg: 62fdf1f143b41e24485cea50d1cbac27 -> 
  custom:video-encoder-webm-vp8: eb34c28f22e8b96e1ab97ce403110664 -> 
  custom:video-decoder-webm-vp8: 9c59270c3fd7afecdb556c50c9e8de78 -> 
  custom:audio-decoder-ogg-vorbis: bf7c407c2cedff20999df2af8eb42d56 -> 
  custom:audio-encoder-webm-vorbis: bf7c407c2cedff20999df2af8eb42d56 -> 
========================================================================
Received Import Request.
  Time since last request: 56.883550 seconds.
  path: Assets/Animations/Run.anim
  artifactKey: Guid(7c5f52ddc6a65cc44893d5b5290f1ac0) Importer(815301076,1909f56bfc062723c751e8b465ee728b)
Start importing Assets/Animations/Run.anim using Guid(7c5f52ddc6a65cc44893d5b5290f1ac0) Importer(815301076,1909f56bfc062723c751e8b465ee728b)  -> (artifact id: '27216b4e39240a0682f7d1e8b6bdbb3f') in 0.030849 seconds 
  Import took 0.040441 seconds .

========================================================================
Received Import Request.
  Time since last request: 2.365578 seconds.
  path: Assets/Animations/Run (1).controller
  artifactKey: Guid(c6688d3c5e0ffc640bf6d0b97b351248) Importer(815301076,1909f56bfc062723c751e8b465ee728b)
Start importing Assets/Animations/Run (1).controller using Guid(c6688d3c5e0ffc640bf6d0b97b351248) Importer(815301076,1909f56bfc062723c751e8b465ee728b)  -> (artifact id: 'ad81ae03c44741a3d85abb8497d2bcf6') in 0.007113 seconds 
  Import took 0.013547 seconds .

========================================================================
Received Import Request.
  Time since last request: 0.002494 seconds.
  path: Assets/Animations/Run (1).controller
  artifactKey: Guid(c6688d3c5e0ffc640bf6d0b97b351248) Importer(815301076,1909f56bfc062723c751e8b465ee728b)
Start importing Assets/Animations/Run (1).controller using Guid(c6688d3c5e0ffc640bf6d0b97b351248) Importer(815301076,1909f56bfc062723c751e8b465ee728b)  -> (artifact id: 'ad81ae03c44741a3d85abb8497d2bcf6') in 0.004882 seconds 
  Import took 0.010226 seconds .

========================================================================
Received Import Request.
  Time since last request: 2.499336 seconds.
  path: Assets/Animations/Idle (1).controller
  artifactKey: Guid(21c670890d0bf9146ac23b8e1af1ab6c) Importer(815301076,1909f56bfc062723c751e8b465ee728b)
Start importing Assets/Animations/Idle (1).controller using Guid(21c670890d0bf9146ac23b8e1af1ab6c) Importer(815301076,1909f56bfc062723c751e8b465ee728b)  -> (artifact id: '136c4e7c50a8822cb737d6d61f171a9d') in 0.015826 seconds 
  Import took 0.030935 seconds .

========================================================================
Received Import Request.
  Time since last request: 63.878648 seconds.
  path: Assets/Scripts/TuteSoundScript.cs
  artifactKey: Guid(e257b9e690c016f40bbb960c0f3154ea) Importer(815301076,1909f56bfc062723c751e8b465ee728b)
Start importing Assets/Scripts/TuteSoundScript.cs using Guid(e257b9e690c016f40bbb960c0f3154ea) Importer(815301076,1909f56bfc062723c751e8b465ee728b)  -> (artifact id: '69bfd58ba28cbaf3420f5e7d69e9e88b') in 0.019651 seconds 
  Import took 0.030625 seconds .

========================================================================
Received Import Request.
  Time since last request: 0.027501 seconds.
  path: Assets/Scripts/TuteSoundScript.cs
  artifactKey: Guid(e257b9e690c016f40bbb960c0f3154ea) Importer(815301076,1909f56bfc062723c751e8b465ee728b)
Start importing Assets/Scripts/TuteSoundScript.cs using Guid(e257b9e690c016f40bbb960c0f3154ea) Importer(815301076,1909f56bfc062723c751e8b465ee728b)  -> (artifact id: '69bfd58ba28cbaf3420f5e7d69e9e88b') in 0.006038 seconds 
  Import took 0.012077 seconds .

========================================================================
Received Prepare
Registering precompiled user dll's ...
Registered in 0.009214 seconds.
Begin MonoManager ReloadAssembly
Native extension for WindowsStandalone target not found
Refreshing native plugins compatible for Editor in 0.88 ms, found 3 plugins.
Preloading 0 native plugins for Editor in 0.00 ms.
Mono: successfully reloaded assembly
- Completed reload, in  2.270 seconds
Domain Reload Profiling:
	ReloadAssembly (2270ms)
		BeginReloadAssembly (224ms)
			ExecutionOrderSort (0ms)
			DisableScriptedObjects (16ms)
			BackupInstance (0ms)
			ReleaseScriptingObjects (0ms)
			CreateAndSetChildDomain (82ms)
		EndReloadAssembly (1906ms)
			LoadAssemblies (173ms)
			RebuildTransferFunctionScriptingTraits (0ms)
			SetupTypeCache (618ms)
			ReleaseScriptCaches (2ms)
			RebuildScriptCaches (81ms)
			SetupLoadedEditorAssemblies (832ms)
				LogAssemblyErrors (0ms)
				InitializePlatformSupportModulesInManaged (7ms)
				SetLoadedEditorAssemblies (1ms)
				RefreshPlugins (1ms)
				BeforeProcessingInitializeOnLoad (142ms)
				ProcessInitializeOnLoadAttributes (657ms)
				ProcessInitializeOnLoadMethodAttributes (9ms)
				AfterProcessingInitializeOnLoad (14ms)
				EditorAssembliesLoaded (0ms)
			ExecutionOrderSort2 (0ms)
			AwakeInstancesAfterBackupRestoration (17ms)
Platform modules already initialized, skipping
Refreshing native plugins compatible for Editor in 0.88 ms, found 3 plugins.
Preloading 0 native plugins for Editor in 0.00 ms.
Unloading 2379 Unused Serialized files (Serialized files now loaded: 0)
System memory in use before: 106.4 MB.
System memory in use after: 106.6 MB.

Unloading 16 unused Assets to reduce memory usage. Loaded Objects now: 2853.
Total: 5.623800 ms (FindLiveObjects: 0.691300 ms CreateObjectMapping: 0.145000 ms MarkObjects: 4.753300 ms  DeleteObjects: 0.032800 ms)

AssetImportParameters requested are different than current active one (requested -> active):
  custom:framework-win-MediaFoundation: 216162199b28c13a410421893ffa2e32 -> 
  custom:video-decoder-ogg-theora: a1e56fd34408186e4bbccfd4996cb3dc -> 
  custom:container-muxer-webm: aa71ff27fc2769a1b78a27578f13a17b -> 
  custom:container-demuxer-webm: 4f35f7cbe854078d1ac9338744f61a02 -> 
  custom:container-demuxer-ogg: 62fdf1f143b41e24485cea50d1cbac27 -> 
  custom:video-encoder-webm-vp8: eb34c28f22e8b96e1ab97ce403110664 -> 
  custom:video-decoder-webm-vp8: 9c59270c3fd7afecdb556c50c9e8de78 -> 
  custom:audio-decoder-ogg-vorbis: bf7c407c2cedff20999df2af8eb42d56 -> 
  custom:audio-encoder-webm-vorbis: bf7c407c2cedff20999df2af8eb42d56 -> 
========================================================================
Received Import Request.
  Time since last request: 170.641328 seconds.
  path: Assets/Animations/Cat.controller
  artifactKey: Guid(21c670890d0bf9146ac23b8e1af1ab6c) Importer(815301076,1909f56bfc062723c751e8b465ee728b)
Start importing Assets/Animations/Cat.controller using Guid(21c670890d0bf9146ac23b8e1af1ab6c) Importer(815301076,1909f56bfc062723c751e8b465ee728b)  -> (artifact id: '3c0def7ef55d948ee64c97453a8e6e81') in 0.037947 seconds 
  Import took 0.044897 seconds .

========================================================================
Received Import Request.
  Time since last request: 129.540810 seconds.
  path: Assets/Animations/Raw PNG/Walk (1).png
  artifactKey: Guid(2e960d295a58af24b88af38fcc79b605) Importer(815301076,1909f56bfc062723c751e8b465ee728b)
Start importing Assets/Animations/Raw PNG/Walk (1).png using Guid(2e960d295a58af24b88af38fcc79b605) Importer(815301076,1909f56bfc062723c751e8b465ee728b)  -> (artifact id: '267ae8a474bcfa9c0f897332a7000337') in 0.365006 seconds 
  Import took 0.375388 seconds .

========================================================================
Received Import Request.
  Time since last request: 0.000290 seconds.
  path: Assets/Animations/Raw PNG/Walk (10).png
  artifactKey: Guid(8375b039036d77748896b27e88a6ce2f) Importer(815301076,1909f56bfc062723c751e8b465ee728b)
Start importing Assets/Animations/Raw PNG/Walk (10).png using Guid(8375b039036d77748896b27e88a6ce2f) Importer(815301076,1909f56bfc062723c751e8b465ee728b)  -> (artifact id: '98f8232b53f94f36be26e3cb11349e08') in 0.042073 seconds 
  Import took 0.048523 seconds .

========================================================================
Received Import Request.
  Time since last request: 0.000348 seconds.
  path: Assets/Animations/Raw PNG/Walk (3).png
  artifactKey: Guid(751ace95f03c6744bb038427709d79ea) Importer(815301076,1909f56bfc062723c751e8b465ee728b)
Start importing Assets/Animations/Raw PNG/Walk (3).png using Guid(751ace95f03c6744bb038427709d79ea) Importer(815301076,1909f56bfc062723c751e8b465ee728b)  -> (artifact id: 'ae8cb408a83bebd07ae1c2302000878e') in 0.216693 seconds 
  Import took 0.227866 seconds .

========================================================================
Received Import Request.
  Time since last request: 0.000081 seconds.
  path: Assets/Animations/Raw PNG/Walk (8).png
  artifactKey: Guid(59b72524fe11896489b8b19d86562b7f) Importer(815301076,1909f56bfc062723c751e8b465ee728b)
Start importing Assets/Animations/Raw PNG/Walk (8).png using Guid(59b72524fe11896489b8b19d86562b7f) Importer(815301076,1909f56bfc062723c751e8b465ee728b)  -> (artifact id: 'b3a10f300741fdf7a418835b08d09cbb') in 0.115411 seconds 
  Import took 0.122259 seconds .

========================================================================
Received Import Request.
  Time since last request: 0.000351 seconds.
  path: Assets/Animations/Raw PNG/Walk (9).png
  artifactKey: Guid(aa45f4a49712e904b9e836d333b2ae4d) Importer(815301076,1909f56bfc062723c751e8b465ee728b)
Start importing Assets/Animations/Raw PNG/Walk (9).png using Guid(aa45f4a49712e904b9e836d333b2ae4d) Importer(815301076,1909f56bfc062723c751e8b465ee728b)  -> (artifact id: '93838efedd4d1337aa7368f4f0833fbc') in 0.045599 seconds 
  Import took 0.051422 seconds .

========================================================================
Received Import Request.
  Time since last request: 0.000358 seconds.
  path: Assets/Animations/Raw PNG/Walk (5).png
  artifactKey: Guid(95d164891b4cbe64885c933e3859ca37) Importer(815301076,1909f56bfc062723c751e8b465ee728b)
Start importing Assets/Animations/Raw PNG/Walk (5).png using Guid(95d164891b4cbe64885c933e3859ca37) Importer(815301076,1909f56bfc062723c751e8b465ee728b)  -> (artifact id: '375e453ff3e36bfbd705f69c966070bf') in 0.070257 seconds 
  Import took 0.076129 seconds .

========================================================================
Received Import Request.
  Time since last request: 0.000276 seconds.
  path: Assets/Animations/Raw PNG/Walk (6).png
  artifactKey: Guid(b539821c3ce5f4b438aa3f3641aaff46) Importer(815301076,1909f56bfc062723c751e8b465ee728b)
Start importing Assets/Animations/Raw PNG/Walk (6).png using Guid(b539821c3ce5f4b438aa3f3641aaff46) Importer(815301076,1909f56bfc062723c751e8b465ee728b)  -> (artifact id: '5bce3772afd3b8293dd708cad7485b5e') in 0.034260 seconds 
  Import took 0.039566 seconds .

========================================================================
Received Import Request.
  Time since last request: 0.000260 seconds.
  path: Assets/Animations/Raw PNG/Walk (4).png
  artifactKey: Guid(b127f17fc26f66542ad32197818bfa14) Importer(815301076,1909f56bfc062723c751e8b465ee728b)
Start importing Assets/Animations/Raw PNG/Walk (4).png using Guid(b127f17fc26f66542ad32197818bfa14) Importer(815301076,1909f56bfc062723c751e8b465ee728b)  -> (artifact id: '473bae2b71817ab72589f8fbb361930a') in 0.028036 seconds 
  Import took 0.033624 seconds .

========================================================================
Received Import Request.
  Time since last request: 0.000385 seconds.
  path: Assets/Animations/Raw PNG/Walk (7).png
  artifactKey: Guid(7e04e602399d53640ae7662fc1bad7fd) Importer(815301076,1909f56bfc062723c751e8b465ee728b)
Start importing Assets/Animations/Raw PNG/Walk (7).png using Guid(7e04e602399d53640ae7662fc1bad7fd) Importer(815301076,1909f56bfc062723c751e8b465ee728b)  -> (artifact id: 'e633560fef01e695a8123d05f33b96d9') in 0.046586 seconds 
  Import took 0.055179 seconds .

========================================================================
Received Import Request.
  Time since last request: 0.000260 seconds.
  path: Assets/Animations/Raw PNG/Walk (2).png
  artifactKey: Guid(bbf01b0c12da9e348b09b09667363aa9) Importer(815301076,1909f56bfc062723c751e8b465ee728b)
Start importing Assets/Animations/Raw PNG/Walk (2).png using Guid(bbf01b0c12da9e348b09b09667363aa9) Importer(815301076,1909f56bfc062723c751e8b465ee728b)  -> (artifact id: 'dec6f539249dbcd4c7f048817750b650') in 0.047518 seconds 
  Import took 0.053650 seconds .

========================================================================
Received Import Request.
  Time since last request: 44.978877 seconds.
  path: Assets/Animations/Cat.controller
  artifactKey: Guid(21c670890d0bf9146ac23b8e1af1ab6c) Importer(815301076,1909f56bfc062723c751e8b465ee728b)
Start importing Assets/Animations/Cat.controller using Guid(21c670890d0bf9146ac23b8e1af1ab6c) Importer(815301076,1909f56bfc062723c751e8b465ee728b)  -> (artifact id: '7bbd28ea4981f879d2dcd4aff517895b') in 0.010758 seconds 
  Import took 0.021340 seconds .

========================================================================
Received Prepare
Registering precompiled user dll's ...
Registered in 0.009926 seconds.
Begin MonoManager ReloadAssembly
Native extension for WindowsStandalone target not found
Refreshing native plugins compatible for Editor in 0.88 ms, found 3 plugins.
Preloading 0 native plugins for Editor in 0.00 ms.
Mono: successfully reloaded assembly
- Completed reload, in  2.618 seconds
Domain Reload Profiling:
	ReloadAssembly (2618ms)
		BeginReloadAssembly (196ms)
			ExecutionOrderSort (0ms)
			DisableScriptedObjects (13ms)
			BackupInstance (0ms)
			ReleaseScriptingObjects (0ms)
			CreateAndSetChildDomain (64ms)
		EndReloadAssembly (2294ms)
			LoadAssemblies (158ms)
			RebuildTransferFunctionScriptingTraits (0ms)
			SetupTypeCache (901ms)
			ReleaseScriptCaches (2ms)
			RebuildScriptCaches (122ms)
			SetupLoadedEditorAssemblies (777ms)
				LogAssemblyErrors (0ms)
				InitializePlatformSupportModulesInManaged (9ms)
				SetLoadedEditorAssemblies (1ms)
				RefreshPlugins (1ms)
				BeforeProcessingInitializeOnLoad (207ms)
				ProcessInitializeOnLoadAttributes (534ms)
				ProcessInitializeOnLoadMethodAttributes (10ms)
				AfterProcessingInitializeOnLoad (14ms)
				EditorAssembliesLoaded (0ms)
			ExecutionOrderSort2 (0ms)
			AwakeInstancesAfterBackupRestoration (21ms)
Platform modules already initialized, skipping
Refreshing native plugins compatible for Editor in 0.91 ms, found 3 plugins.
Preloading 0 native plugins for Editor in 0.00 ms.
Unloading 2379 Unused Serialized files (Serialized files now loaded: 0)
System memory in use before: 106.4 MB.
System memory in use after: 106.7 MB.

Unloading 16 unused Assets to reduce memory usage. Loaded Objects now: 2857.
Total: 6.024200 ms (FindLiveObjects: 0.516600 ms CreateObjectMapping: 0.137800 ms MarkObjects: 5.332600 ms  DeleteObjects: 0.035200 ms)

AssetImportParameters requested are different than current active one (requested -> active):
  custom:framework-win-MediaFoundation: 216162199b28c13a410421893ffa2e32 -> 
  custom:video-decoder-ogg-theora: a1e56fd34408186e4bbccfd4996cb3dc -> 
  custom:container-muxer-webm: aa71ff27fc2769a1b78a27578f13a17b -> 
  custom:container-demuxer-webm: 4f35f7cbe854078d1ac9338744f61a02 -> 
  custom:container-demuxer-ogg: 62fdf1f143b41e24485cea50d1cbac27 -> 
  custom:video-encoder-webm-vp8: eb34c28f22e8b96e1ab97ce403110664 -> 
  custom:video-decoder-webm-vp8: 9c59270c3fd7afecdb556c50c9e8de78 -> 
  custom:audio-decoder-ogg-vorbis: bf7c407c2cedff20999df2af8eb42d56 -> 
  custom:audio-encoder-webm-vorbis: bf7c407c2cedff20999df2af8eb42d56 -> 
========================================================================
Received Prepare
Registering precompiled user dll's ...
Registered in 0.015397 seconds.
Begin MonoManager ReloadAssembly
Native extension for WindowsStandalone target not found
Refreshing native plugins compatible for Editor in 0.88 ms, found 3 plugins.
Preloading 0 native plugins for Editor in 0.00 ms.
Mono: successfully reloaded assembly
- Completed reload, in  2.180 seconds
Domain Reload Profiling:
	ReloadAssembly (2181ms)
		BeginReloadAssembly (243ms)
			ExecutionOrderSort (0ms)
			DisableScriptedObjects (23ms)
			BackupInstance (0ms)
			ReleaseScriptingObjects (1ms)
			CreateAndSetChildDomain (79ms)
		EndReloadAssembly (1800ms)
			LoadAssemblies (185ms)
			RebuildTransferFunctionScriptingTraits (0ms)
			SetupTypeCache (614ms)
			ReleaseScriptCaches (2ms)
			RebuildScriptCaches (90ms)
			SetupLoadedEditorAssemblies (705ms)
				LogAssemblyErrors (0ms)
				InitializePlatformSupportModulesInManaged (6ms)
				SetLoadedEditorAssemblies (1ms)
				RefreshPlugins (1ms)
				BeforeProcessingInitializeOnLoad (147ms)
				ProcessInitializeOnLoadAttributes (527ms)
				ProcessInitializeOnLoadMethodAttributes (9ms)
				AfterProcessingInitializeOnLoad (13ms)
				EditorAssembliesLoaded (0ms)
			ExecutionOrderSort2 (0ms)
			AwakeInstancesAfterBackupRestoration (20ms)
Platform modules already initialized, skipping
Refreshing native plugins compatible for Editor in 0.89 ms, found 3 plugins.
Preloading 0 native plugins for Editor in 0.00 ms.
Unloading 2379 Unused Serialized files (Serialized files now loaded: 0)
System memory in use before: 106.5 MB.
System memory in use after: 106.7 MB.

Unloading 16 unused Assets to reduce memory usage. Loaded Objects now: 2860.
Total: 5.048300 ms (FindLiveObjects: 0.537700 ms CreateObjectMapping: 0.134600 ms MarkObjects: 4.338700 ms  DeleteObjects: 0.035200 ms)

AssetImportParameters requested are different than current active one (requested -> active):
  custom:framework-win-MediaFoundation: 216162199b28c13a410421893ffa2e32 -> 
  custom:video-decoder-ogg-theora: a1e56fd34408186e4bbccfd4996cb3dc -> 
  custom:container-muxer-webm: aa71ff27fc2769a1b78a27578f13a17b -> 
  custom:container-demuxer-webm: 4f35f7cbe854078d1ac9338744f61a02 -> 
  custom:container-demuxer-ogg: 62fdf1f143b41e24485cea50d1cbac27 -> 
  custom:video-encoder-webm-vp8: eb34c28f22e8b96e1ab97ce403110664 -> 
  custom:video-decoder-webm-vp8: 9c59270c3fd7afecdb556c50c9e8de78 -> 
  custom:audio-decoder-ogg-vorbis: bf7c407c2cedff20999df2af8eb42d56 -> 
  custom:audio-encoder-webm-vorbis: bf7c407c2cedff20999df2af8eb42d56 -> 
========================================================================
Received Import Request.
  Time since last request: 931.472861 seconds.
  path: Assets/Sound Effects/00 intro_0.ogg
  artifactKey: Guid(3f998d98276db17409249b6755954a82) Importer(815301076,1909f56bfc062723c751e8b465ee728b)
Start importing Assets/Sound Effects/00 intro_0.ogg using Guid(3f998d98276db17409249b6755954a82) Importer(815301076,1909f56bfc062723c751e8b465ee728b)  -> (artifact id: '4e6ade7220d47b0ccdcfd3a44514f8dd') in 0.163775 seconds 
  Import took 0.170893 seconds .

========================================================================
Received Import Request.
  Time since last request: 0.000288 seconds.
  path: Assets/Sound Effects/1x level win.ogg
  artifactKey: Guid(04ce7b8a6d3ee2349a346a240116a53a) Importer(815301076,1909f56bfc062723c751e8b465ee728b)
Start importing Assets/Sound Effects/1x level win.ogg using Guid(04ce7b8a6d3ee2349a346a240116a53a) Importer(815301076,1909f56bfc062723c751e8b465ee728b)  -> (artifact id: '597dfdfbad7ec1a65ad82e7128605b36') in 0.030542 seconds 
  Import took 0.036148 seconds .

========================================================================
Received Prepare
Registering precompiled user dll's ...
Registered in 0.014804 seconds.
Begin MonoManager ReloadAssembly
Native extension for WindowsStandalone target not found
Refreshing native plugins compatible for Editor in 1.20 ms, found 3 plugins.
Preloading 0 native plugins for Editor in 0.00 ms.
Mono: successfully reloaded assembly
- Completed reload, in  2.848 seconds
Domain Reload Profiling:
	ReloadAssembly (2849ms)
		BeginReloadAssembly (271ms)
			ExecutionOrderSort (0ms)
			DisableScriptedObjects (20ms)
			BackupInstance (0ms)
			ReleaseScriptingObjects (0ms)
			CreateAndSetChildDomain (79ms)
		EndReloadAssembly (2395ms)
			LoadAssemblies (220ms)
			RebuildTransferFunctionScriptingTraits (0ms)
			SetupTypeCache (820ms)
			ReleaseScriptCaches (3ms)
			RebuildScriptCaches (110ms)
			SetupLoadedEditorAssemblies (957ms)
				LogAssemblyErrors (0ms)
				InitializePlatformSupportModulesInManaged (10ms)
				SetLoadedEditorAssemblies (1ms)
				RefreshPlugins (1ms)
				BeforeProcessingInitializeOnLoad (206ms)
				ProcessInitializeOnLoadAttributes (704ms)
				ProcessInitializeOnLoadMethodAttributes (14ms)
				AfterProcessingInitializeOnLoad (19ms)
				EditorAssembliesLoaded (0ms)
			ExecutionOrderSort2 (0ms)
			AwakeInstancesAfterBackupRestoration (24ms)
Platform modules already initialized, skipping
Refreshing native plugins compatible for Editor in 1.04 ms, found 3 plugins.
Preloading 0 native plugins for Editor in 0.00 ms.
Unloading 2379 Unused Serialized files (Serialized files now loaded: 0)
System memory in use before: 106.5 MB.
System memory in use after: 106.7 MB.

Unloading 16 unused Assets to reduce memory usage. Loaded Objects now: 2870.
Total: 6.990600 ms (FindLiveObjects: 0.546900 ms CreateObjectMapping: 0.142400 ms MarkObjects: 6.266700 ms  DeleteObjects: 0.032600 ms)

AssetImportParameters requested are different than current active one (requested -> active):
  custom:framework-win-MediaFoundation: 216162199b28c13a410421893ffa2e32 -> 
  custom:video-decoder-ogg-theora: a1e56fd34408186e4bbccfd4996cb3dc -> 
  custom:container-muxer-webm: aa71ff27fc2769a1b78a27578f13a17b -> 
  custom:container-demuxer-webm: 4f35f7cbe854078d1ac9338744f61a02 -> 
  custom:container-demuxer-ogg: 62fdf1f143b41e24485cea50d1cbac27 -> 
  custom:video-encoder-webm-vp8: eb34c28f22e8b96e1ab97ce403110664 -> 
  custom:video-decoder-webm-vp8: 9c59270c3fd7afecdb556c50c9e8de78 -> 
  custom:audio-decoder-ogg-vorbis: bf7c407c2cedff20999df2af8eb42d56 -> 
  custom:audio-encoder-webm-vorbis: bf7c407c2cedff20999df2af8eb42d56 -> 
AssetImportWorkerClient::OnTransportError - code=2 error=End of file
